<?xml version="1.0" encoding="UTF-8"?>
<!-- Generated by org.testng.reporters.JUnitReportReporter -->
<testsuite hostname="thaison230904" failures="0" tests="4" name="Automation.testsuite.Day_8_BTVN" time="16.511" errors="0" timestamp="2025-11-03T18:02:34 ICT" skipped="0">
  <testcase classname="Automation.testsuite.Day_8_BTVN" name="getElementByPassword" time="4.156"/>
  <testcase classname="Automation.testsuite.Day_8_BTVN" name="getElementByName" time="3.633"/>
  <testcase classname="Automation.testsuite.Day_8_BTVN" name="getElementByEmail" time="3.650"/>
  <testcase classname="Automation.testsuite.Day_8_BTVN" name="getElementByAddress" time="5.072"/>
</testsuite> <!-- Automation.testsuite.Day_8_BTVN -->
