<?xml version="1.0" encoding="UTF-8"?>
<!-- Generated by org.testng.reporters.JUnitXMLReporter -->
<testsuite ignored="0" hostname="thaison230904" failures="0" tests="4" name="Default test" time="34.529" errors="0" timestamp="2025-10-29T15:55:15 ICT">
  <testcase classname="Automation.testsuite.Day_8_BTVN" name="getElementByAddress" time="9.265"/>
  <testcase classname="Automation.testsuite.Day_8_BTVN" name="getElementByEmail" time="7.825"/>
  <testcase classname="Automation.testsuite.Day_8_BTVN" name="getElementByName" time="8.001"/>
  <testcase classname="Automation.testsuite.Day_8_BTVN" name="getElementByPassword" time="9.31"/>
</testsuite> <!-- Default test -->
