<?xml version="1.0" encoding="UTF-8"?>
<!-- Generated by org.testng.reporters.JUnitXMLReporter -->
<testsuite ignored="0" hostname="thaison230904" failures="0" tests="4" name="Default test" time="16.557" errors="0" timestamp="2025-11-03T18:02:34 ICT">
  <testcase classname="Automation.testsuite.Day_8_BTVN" name="getElementByAddress" time="5.072"/>
  <testcase classname="Automation.testsuite.Day_8_BTVN" name="getElementByEmail" time="3.65"/>
  <testcase classname="Automation.testsuite.Day_8_BTVN" name="getElementByName" time="3.633"/>
  <testcase classname="Automation.testsuite.Day_8_BTVN" name="getElementByPassword" time="4.156"/>
</testsuite> <!-- Default test -->
