<?xml version="1.0" encoding="UTF-8"?>
<testng-results ignored="0" total="1" passed="1" failed="0" skipped="0">
  <reporter-output>
  </reporter-output>
  <suite started-at="2025-11-30T18:42:00 ICT" name="Default suite" finished-at="2025-11-30T18:42:09 ICT" duration-ms="8733">
    <groups>
    </groups>
    <test started-at="2025-11-30T18:42:00 ICT" name="Default test" finished-at="2025-11-30T18:42:09 ICT" duration-ms="8733">
      <class name="Automation.testsuite.DatePicker_Test">
        <test-method is-config="true" signature="openWebPage()[pri:0, instance:Automation.testsuite.DatePicker_Test@6a1d204a]" started-at="2025-11-30T18:42:00 ICT" name="openWebPage" finished-at="2025-11-30T18:42:08 ICT" duration-ms="7945" status="PASS">
          <reporter-output>
          </reporter-output>
        </test-method> <!-- openWebPage -->
        <test-method signature="handleDatePicker()[pri:0, instance:Automation.testsuite.DatePicker_Test@6a1d204a]" started-at="2025-11-30T18:42:08 ICT" name="handleDatePicker" finished-at="2025-11-30T18:42:09 ICT" duration-ms="731" status="PASS">
          <reporter-output>
          </reporter-output>
        </test-method> <!-- handleDatePicker -->
      </class> <!-- Automation.testsuite.DatePicker_Test -->
    </test> <!-- Default test -->
  </suite> <!-- Default suite -->
</testng-results>
